<?xml version="1.0" encoding="UTF-8"?>
<coverage generated="1773655773353" clover="3.2.0">
  <project timestamp="1773655773353" name="All files">
    <metrics statements="17" coveredstatements="7" conditionals="7" coveredconditionals="1" methods="8" coveredmethods="4" elements="32" coveredelements="12" complexity="0" loc="17" ncloc="17" packages="5" files="5" classes="5"/>
    <package name="components.board.Board">
      <metrics statements="6" coveredstatements="4" conditionals="0" coveredconditionals="0" methods="2" coveredmethods="1"/>
      <file name="Board.tsx" path="C:\Users\eboyer\Documents\Git\my-project\flowboard\src\components\board\Board\Board.tsx">
        <metrics statements="6" coveredstatements="4" conditionals="0" coveredconditionals="0" methods="2" coveredmethods="1"/>
        <line num="7" count="2" type="stmt"/>
        <line num="14" count="2" type="stmt"/>
        <line num="16" count="2" type="stmt"/>
        <line num="17" count="0" type="stmt"/>
        <line num="18" count="0" type="stmt"/>
        <line num="21" count="2" type="stmt"/>
      </file>
    </package>
    <package name="components.board.Column">
      <metrics statements="3" coveredstatements="2" conditionals="0" coveredconditionals="0" methods="3" coveredmethods="2"/>
      <file name="Column.tsx" path="C:\Users\eboyer\Documents\Git\my-project\flowboard\src\components\board\Column\Column.tsx">
        <metrics statements="3" coveredstatements="2" conditionals="0" coveredconditionals="0" methods="3" coveredmethods="2"/>
        <line num="5" count="11" type="stmt"/>
        <line num="10" count="2" type="stmt"/>
        <line num="13" count="0" type="stmt"/>
      </file>
    </package>
    <package name="components.board.NoteCard">
      <metrics statements="1" coveredstatements="1" conditionals="2" coveredconditionals="1" methods="1" coveredmethods="1"/>
      <file name="NoteCard.tsx" path="C:\Users\eboyer\Documents\Git\my-project\flowboard\src\components\board\NoteCard\NoteCard.tsx">
        <metrics statements="1" coveredstatements="1" conditionals="2" coveredconditionals="1" methods="1" coveredmethods="1"/>
        <line num="2" count="2" type="cond" truecount="1" falsecount="1"/>
      </file>
    </package>
    <package name="state">
      <metrics statements="7" coveredstatements="0" conditionals="5" coveredconditionals="0" methods="2" coveredmethods="0"/>
      <file name="boardReducer.tsx" path="C:\Users\eboyer\Documents\Git\my-project\flowboard\src\state\boardReducer.tsx">
        <metrics statements="7" coveredstatements="0" conditionals="5" coveredconditionals="0" methods="2" coveredmethods="0"/>
        <line num="4" count="0" type="cond" truecount="0" falsecount="3"/>
        <line num="6" count="0" type="stmt"/>
        <line num="9" count="0" type="cond" truecount="0" falsecount="2"/>
        <line num="10" count="0" type="stmt"/>
        <line num="15" count="0" type="stmt"/>
        <line num="19" count="0" type="stmt"/>
        <line num="21" count="0" type="stmt"/>
      </file>
    </package>
    <package name="types">
      <metrics statements="0" coveredstatements="0" conditionals="0" coveredconditionals="0" methods="0" coveredmethods="0"/>
      <file name="board.tsx" path="C:\Users\eboyer\Documents\Git\my-project\flowboard\src\types\board.tsx">
        <metrics statements="0" coveredstatements="0" conditionals="0" coveredconditionals="0" methods="0" coveredmethods="0"/>
      </file>
    </package>
  </project>
</coverage>
