{"C:\\Users\\eboyer\\Documents\\Git\\my-project\\flowboard\\src\\components\\board\\Board\\Board.tsx": {"path":"C:\\Users\\eboyer\\Documents\\Git\\my-project\\flowboard\\src\\components\\board\\Board\\Board.tsx","statementMap":{"0":{"start":{"line":7,"column":34},"end":{"line":12,"column":null}},"1":{"start":{"line":14,"column":16},"end":{"line":14,"column":66}},"2":{"start":{"line":16,"column":8},"end":{"line":18,"column":null}},"3":{"start":{"line":17,"column":15},"end":{"line":17,"column":null}},"4":{"start":{"line":18,"column":4},"end":{"line":18,"column":null}},"5":{"start":{"line":21,"column":2},"end":{"line":25,"column":null}}},"fnMap":{"0":{"name":"Board","decl":{"start":{"line":6,"column":24},"end":{"line":6,"column":32}},"loc":{"start":{"line":6,"column":32},"end":{"line":25,"column":null}},"line":6},"1":{"name":"(anonymous_1)","decl":{"start":{"line":16,"column":8},"end":{"line":16,"column":25}},"loc":{"start":{"line":16,"column":46},"end":{"line":18,"column":null}},"line":16}},"branchMap":{},"s":{"0":2,"1":2,"2":2,"3":0,"4":0,"5":2},"f":{"0":2,"1":0},"b":{},"meta":{"lastBranch":0,"lastFunction":2,"lastStatement":6,"seen":{"f:6:24:6:32":0,"s:7:34:12:Infinity":0,"s:14:16:14:66":1,"s:16:8:18:Infinity":2,"f:16:8:16:25":1,"s:17:15:17:Infinity":3,"s:18:4:18:Infinity":4,"s:21:2:25:Infinity":5}}}
,"C:\\Users\\eboyer\\Documents\\Git\\my-project\\flowboard\\src\\components\\board\\Column\\Column.tsx": {"path":"C:\\Users\\eboyer\\Documents\\Git\\my-project\\flowboard\\src\\components\\board\\Column\\Column.tsx","statementMap":{"0":{"start":{"line":5,"column":2},"end":{"line":15,"column":null}},"1":{"start":{"line":10,"column":8},"end":{"line":10,"column":null}},"2":{"start":{"line":13,"column":49},"end":{"line":13,"column":83}}},"fnMap":{"0":{"name":"Column","decl":{"start":{"line":4,"column":24},"end":{"line":4,"column":31}},"loc":{"start":{"line":4,"column":181},"end":{"line":15,"column":null}},"line":4},"1":{"name":"(anonymous_1)","decl":{"start":{"line":9,"column":13},"end":{"line":9,"column":18}},"loc":{"start":{"line":10,"column":8},"end":{"line":10,"column":null}},"line":10},"2":{"name":"(anonymous_2)","decl":{"start":{"line":13,"column":34},"end":{"line":13,"column":49}},"loc":{"start":{"line":13,"column":49},"end":{"line":13,"column":83}},"line":13}},"branchMap":{},"s":{"0":11,"1":2,"2":0},"f":{"0":11,"1":2,"2":0},"b":{},"meta":{"lastBranch":0,"lastFunction":3,"lastStatement":3,"seen":{"f:4:24:4:31":0,"s:5:2:15:Infinity":0,"f:9:13:9:18":1,"s:10:8:10:Infinity":1,"f:13:34:13:49":2,"s:13:49:13:83":2}}}
,"C:\\Users\\eboyer\\Documents\\Git\\my-project\\flowboard\\src\\components\\board\\NoteCard\\NoteCard.tsx": {"path":"C:\\Users\\eboyer\\Documents\\Git\\my-project\\flowboard\\src\\components\\board\\NoteCard\\NoteCard.tsx","statementMap":{"0":{"start":{"line":2,"column":2},"end":{"line":2,"column":null}}},"fnMap":{"0":{"name":"Card","decl":{"start":{"line":1,"column":24},"end":{"line":1,"column":29}},"loc":{"start":{"line":1,"column":73},"end":{"line":2,"column":null}},"line":1}},"branchMap":{"0":{"loc":{"start":{"line":2,"column":32},"end":{"line":2,"column":56}},"type":"binary-expr","locations":[{"start":{"line":2,"column":32},"end":{"line":2,"column":43}},{"start":{"line":2,"column":43},"end":{"line":2,"column":56}}],"line":2}},"s":{"0":2},"f":{"0":2},"b":{"0":[2,0]},"meta":{"lastBranch":1,"lastFunction":1,"lastStatement":1,"seen":{"f:1:24:1:29":0,"s:2:2:2:Infinity":0,"b:2:32:2:43:2:43:2:56":0}}}
,"C:\\Users\\eboyer\\Documents\\Git\\my-project\\flowboard\\src\\state\\boardReducer.tsx": {"path":"C:\\Users\\eboyer\\Documents\\Git\\my-project\\flowboard\\src\\state\\boardReducer.tsx","statementMap":{"0":{"start":{"line":4,"column":4},"end":{"line":21,"column":null}},"1":{"start":{"line":6,"column":12},"end":{"line":17,"column":null}},"2":{"start":{"line":9,"column":20},"end":{"line":13,"column":null}},"3":{"start":{"line":10,"column":24},"end":{"line":13,"column":null}},"4":{"start":{"line":15,"column":20},"end":{"line":15,"column":null}},"5":{"start":{"line":19,"column":12},"end":{"line":19,"column":null}},"6":{"start":{"line":21,"column":12},"end":{"line":21,"column":null}}},"fnMap":{"0":{"name":"boardReducer","decl":{"start":{"line":3,"column":16},"end":{"line":3,"column":29}},"loc":{"start":{"line":3,"column":71},"end":{"line":21,"column":null}},"line":3},"1":{"name":"(anonymous_1)","decl":{"start":{"line":8,"column":39},"end":{"line":8,"column":43}},"loc":{"start":{"line":8,"column":53},"end":{"line":15,"column":null}},"line":8}},"branchMap":{"0":{"loc":{"start":{"line":4,"column":4},"end":{"line":21,"column":null}},"type":"switch","locations":[{"start":{"line":5,"column":8},"end":{"line":17,"column":null}},{"start":{"line":18,"column":8},"end":{"line":19,"column":null}},{"start":{"line":20,"column":8},"end":{"line":21,"column":null}}],"line":4},"1":{"loc":{"start":{"line":9,"column":20},"end":{"line":13,"column":null}},"type":"if","locations":[{"start":{"line":9,"column":20},"end":{"line":13,"column":null}},{"start":{},"end":{}}],"line":9}},"s":{"0":0,"1":0,"2":0,"3":0,"4":0,"5":0,"6":0},"f":{"0":0,"1":0},"b":{"0":[0,0,0],"1":[0,0]},"meta":{"lastBranch":2,"lastFunction":2,"lastStatement":7,"seen":{"f:3:16:3:29":0,"b:5:8:17:Infinity:18:8:19:Infinity:20:8:21:Infinity":0,"s:4:4:21:Infinity":0,"s:6:12:17:Infinity":1,"f:8:39:8:43":1,"b:9:20:13:Infinity:undefined:undefined:undefined:undefined":1,"s:9:20:13:Infinity":2,"s:10:24:13:Infinity":3,"s:15:20:15:Infinity":4,"s:19:12:19:Infinity":5,"s:21:12:21:Infinity":6}}}
,"C:\\Users\\eboyer\\Documents\\Git\\my-project\\flowboard\\src\\types\\board.tsx": {"path":"C:\\Users\\eboyer\\Documents\\Git\\my-project\\flowboard\\src\\types\\board.tsx","statementMap":{},"fnMap":{},"branchMap":{},"s":{},"f":{},"b":{},"meta":{"lastBranch":0,"lastFunction":0,"lastStatement":0,"seen":{}}}
}
