{"C:\\Users\\eboyer\\Documents\\Git\\my-project\\flowboard\\src\\components\\board\\Board\\Board.tsx": {"path":"C:\\Users\\eboyer\\Documents\\Git\\my-project\\flowboard\\src\\components\\board\\Board\\Board.tsx","statementMap":{"0":{"start":{"line":7,"column":34},"end":{"line":12,"column":null}},"1":{"start":{"line":14,"column":16},"end":{"line":14,"column":66}},"2":{"start":{"line":16,"column":8},"end":{"line":18,"column":null}},"3":{"start":{"line":17,"column":15},"end":{"line":17,"column":null}},"4":{"start":{"line":18,"column":4},"end":{"line":18,"column":null}},"5":{"start":{"line":22,"column":8},"end":{"line":23,"column":null}},"6":{"start":{"line":23,"column":4},"end":{"line":23,"column":null}},"7":{"start":{"line":26,"column":2},"end":{"line":30,"column":null}}},"fnMap":{"0":{"name":"Board","decl":{"start":{"line":6,"column":24},"end":{"line":6,"column":32}},"loc":{"start":{"line":6,"column":32},"end":{"line":30,"column":null}},"line":6},"1":{"name":"(anonymous_1)","decl":{"start":{"line":16,"column":8},"end":{"line":16,"column":25}},"loc":{"start":{"line":16,"column":46},"end":{"line":18,"column":null}},"line":16},"2":{"name":"(anonymous_2)","decl":{"start":{"line":22,"column":8},"end":{"line":22,"column":26}},"loc":{"start":{"line":22,"column":76},"end":{"line":23,"column":null}},"line":22}},"branchMap":{},"s":{"0":2,"1":2,"2":2,"3":0,"4":0,"5":2,"6":0,"7":2},"f":{"0":2,"1":0,"2":0},"b":{},"meta":{"lastBranch":0,"lastFunction":3,"lastStatement":8,"seen":{"f:6:24:6:32":0,"s:7:34:12:Infinity":0,"s:14:16:14:66":1,"s:16:8:18:Infinity":2,"f:16:8:16:25":1,"s:17:15:17:Infinity":3,"s:18:4:18:Infinity":4,"s:22:8:23:Infinity":5,"f:22:8:22:26":2,"s:23:4:23:Infinity":6,"s:26:2:30:Infinity":7}}}
,"C:\\Users\\eboyer\\Documents\\Git\\my-project\\flowboard\\src\\components\\board\\Column\\Column.tsx": {"path":"C:\\Users\\eboyer\\Documents\\Git\\my-project\\flowboard\\src\\components\\board\\Column\\Column.tsx","statementMap":{"0":{"start":{"line":6,"column":2},"end":{"line":19,"column":null}},"1":{"start":{"line":14,"column":10},"end":{"line":14,"column":null}},"2":{"start":{"line":14,"column":82},"end":{"line":14,"column":139}},"3":{"start":{"line":18,"column":49},"end":{"line":18,"column":83}}},"fnMap":{"0":{"name":"Column","decl":{"start":{"line":5,"column":24},"end":{"line":5,"column":31}},"loc":{"start":{"line":5,"column":279},"end":{"line":19,"column":null}},"line":5},"1":{"name":"(anonymous_1)","decl":{"start":{"line":13,"column":14},"end":{"line":13,"column":19}},"loc":{"start":{"line":14,"column":10},"end":{"line":14,"column":null}},"line":14},"2":{"name":"(anonymous_2)","decl":{"start":{"line":14,"column":53},"end":{"line":14,"column":70}},"loc":{"start":{"line":14,"column":82},"end":{"line":14,"column":139}},"line":14},"3":{"name":"(anonymous_3)","decl":{"start":{"line":18,"column":34},"end":{"line":18,"column":49}},"loc":{"start":{"line":18,"column":49},"end":{"line":18,"column":83}},"line":18}},"branchMap":{"0":{"loc":{"start":{"line":10,"column":7},"end":{"line":14,"column":null}},"type":"cond-expr","locations":[{"start":{"line":11,"column":8},"end":{"line":13,"column":14}},{"start":{"line":13,"column":8},"end":{"line":14,"column":null}}],"line":10}},"s":{"0":11,"1":2,"2":0,"3":0},"f":{"0":11,"1":2,"2":0,"3":0},"b":{"0":[10,1]},"meta":{"lastBranch":1,"lastFunction":4,"lastStatement":4,"seen":{"f:5:24:5:31":0,"s:6:2:19:Infinity":0,"b:11:8:13:14:13:8:14:Infinity":0,"f:13:14:13:19":1,"s:14:10:14:Infinity":1,"f:14:53:14:70":2,"s:14:82:14:139":2,"f:18:34:18:49":3,"s:18:49:18:83":3}}}
,"C:\\Users\\eboyer\\Documents\\Git\\my-project\\flowboard\\src\\components\\board\\NoteCard\\NoteCard.tsx": {"path":"C:\\Users\\eboyer\\Documents\\Git\\my-project\\flowboard\\src\\components\\board\\NoteCard\\NoteCard.tsx","statementMap":{"0":{"start":{"line":9,"column":25},"end":{"line":9,"column":null}},"1":{"start":{"line":11,"column":8},"end":{"line":12,"column":null}},"2":{"start":{"line":12,"column":4},"end":{"line":12,"column":null}},"3":{"start":{"line":15,"column":2},"end":{"line":15,"column":null}}},"fnMap":{"0":{"name":"Card","decl":{"start":{"line":8,"column":24},"end":{"line":8,"column":29}},"loc":{"start":{"line":8,"column":69},"end":{"line":15,"column":null}},"line":8},"1":{"name":"(anonymous_1)","decl":{"start":{"line":11,"column":8},"end":{"line":11,"column":24}},"loc":{"start":{"line":11,"column":71},"end":{"line":12,"column":null}},"line":11}},"branchMap":{"0":{"loc":{"start":{"line":9,"column":25},"end":{"line":9,"column":null}},"type":"binary-expr","locations":[{"start":{"line":9,"column":25},"end":{"line":9,"column":36}},{"start":{"line":9,"column":36},"end":{"line":9,"column":null}}],"line":9}},"s":{"0":5,"1":5,"2":1,"3":5},"f":{"0":5,"1":1},"b":{"0":[5,1]},"meta":{"lastBranch":1,"lastFunction":2,"lastStatement":4,"seen":{"f:8:24:8:29":0,"s:9:25:9:Infinity":0,"b:9:25:9:36:9:36:9:Infinity":0,"s:11:8:12:Infinity":1,"f:11:8:11:24":1,"s:12:4:12:Infinity":2,"s:15:2:15:Infinity":3}}}
,"C:\\Users\\eboyer\\Documents\\Git\\my-project\\flowboard\\src\\i18n\\en.tsx": {"path":"C:\\Users\\eboyer\\Documents\\Git\\my-project\\flowboard\\src\\i18n\\en.tsx","statementMap":{},"fnMap":{},"branchMap":{},"s":{},"f":{},"b":{},"meta":{"lastBranch":0,"lastFunction":0,"lastStatement":0,"seen":{}}}
,"C:\\Users\\eboyer\\Documents\\Git\\my-project\\flowboard\\src\\i18n\\fr.tsx": {"path":"C:\\Users\\eboyer\\Documents\\Git\\my-project\\flowboard\\src\\i18n\\fr.tsx","statementMap":{},"fnMap":{},"branchMap":{},"s":{},"f":{},"b":{},"meta":{"lastBranch":0,"lastFunction":0,"lastStatement":0,"seen":{}}}
,"C:\\Users\\eboyer\\Documents\\Git\\my-project\\flowboard\\src\\i18n\\index.tsx": {"path":"C:\\Users\\eboyer\\Documents\\Git\\my-project\\flowboard\\src\\i18n\\index.tsx","statementMap":{"0":{"start":{"line":6,"column":32},"end":{"line":6,"column":null}},"1":{"start":{"line":7,"column":26},"end":{"line":7,"column":null}},"2":{"start":{"line":9,"column":17},"end":{"line":13,"column":2}},"3":{"start":{"line":11,"column":4},"end":{"line":11,"column":null}},"4":{"start":{"line":16,"column":2},"end":{"line":16,"column":null}},"5":{"start":{"line":17,"column":2},"end":{"line":17,"column":null}},"6":{"start":{"line":21,"column":2},"end":{"line":21,"column":null}}},"fnMap":{"0":{"name":"(anonymous_0)","decl":{"start":{"line":10,"column":2},"end":{"line":10,"column":6}},"loc":{"start":{"line":10,"column":20},"end":{"line":13,"column":2}},"line":10},"1":{"name":"setLanguage","decl":{"start":{"line":15,"column":16},"end":{"line":15,"column":28}},"loc":{"start":{"line":15,"column":48},"end":{"line":17,"column":null}},"line":15},"2":{"name":"getCurrentLanguage","decl":{"start":{"line":20,"column":16},"end":{"line":20,"column":47}},"loc":{"start":{"line":20,"column":47},"end":{"line":21,"column":null}},"line":20}},"branchMap":{"0":{"loc":{"start":{"line":11,"column":11},"end":{"line":11,"column":null}},"type":"binary-expr","locations":[{"start":{"line":11,"column":11},"end":{"line":11,"column":50}},{"start":{"line":11,"column":50},"end":{"line":11,"column":null}}],"line":11},"1":{"loc":{"start":{"line":17,"column":24},"end":{"line":17,"column":null}},"type":"cond-expr","locations":[{"start":{"line":17,"column":44},"end":{"line":17,"column":49}},{"start":{"line":17,"column":49},"end":{"line":17,"column":null}}],"line":17}},"s":{"0":3,"1":3,"2":3,"3":23,"4":0,"5":0,"6":0},"f":{"0":23,"1":0,"2":0},"b":{"0":[23,0],"1":[0,0]},"meta":{"lastBranch":2,"lastFunction":3,"lastStatement":7,"seen":{"s:6:32:6:Infinity":0,"s:7:26:7:Infinity":1,"s:9:17:13:2":2,"f:10:2:10:6":0,"s:11:4:11:Infinity":3,"b:11:11:11:50:11:50:11:Infinity":0,"f:15:16:15:28":1,"s:16:2:16:Infinity":4,"s:17:2:17:Infinity":5,"b:17:44:17:49:17:49:17:Infinity":1,"f:20:16:20:47":2,"s:21:2:21:Infinity":6}}}
,"C:\\Users\\eboyer\\Documents\\Git\\my-project\\flowboard\\src\\state\\boardReducer.tsx": {"path":"C:\\Users\\eboyer\\Documents\\Git\\my-project\\flowboard\\src\\state\\boardReducer.tsx","statementMap":{"0":{"start":{"line":4,"column":4},"end":{"line":39,"column":null}},"1":{"start":{"line":6,"column":12},"end":{"line":17,"column":null}},"2":{"start":{"line":9,"column":20},"end":{"line":13,"column":null}},"3":{"start":{"line":10,"column":24},"end":{"line":13,"column":null}},"4":{"start":{"line":15,"column":20},"end":{"line":15,"column":null}},"5":{"start":{"line":19,"column":12},"end":{"line":19,"column":null}},"6":{"start":{"line":21,"column":12},"end":{"line":37,"column":null}},"7":{"start":{"line":24,"column":20},"end":{"line":33,"column":null}},"8":{"start":{"line":25,"column":24},"end":{"line":33,"column":null}},"9":{"start":{"line":28,"column":32},"end":{"line":29,"column":null}},"10":{"start":{"line":29,"column":36},"end":{"line":29,"column":null}},"11":{"start":{"line":31,"column":32},"end":{"line":31,"column":null}},"12":{"start":{"line":35,"column":20},"end":{"line":35,"column":null}},"13":{"start":{"line":39,"column":12},"end":{"line":39,"column":null}}},"fnMap":{"0":{"name":"boardReducer","decl":{"start":{"line":3,"column":16},"end":{"line":3,"column":29}},"loc":{"start":{"line":3,"column":71},"end":{"line":39,"column":null}},"line":3},"1":{"name":"(anonymous_1)","decl":{"start":{"line":8,"column":39},"end":{"line":8,"column":43}},"loc":{"start":{"line":8,"column":53},"end":{"line":15,"column":null}},"line":8},"2":{"name":"(anonymous_2)","decl":{"start":{"line":23,"column":39},"end":{"line":23,"column":43}},"loc":{"start":{"line":23,"column":53},"end":{"line":35,"column":null}},"line":23},"3":{"name":"(anonymous_3)","decl":{"start":{"line":27,"column":48},"end":{"line":27,"column":52}},"loc":{"start":{"line":27,"column":60},"end":{"line":31,"column":null}},"line":27}},"branchMap":{"0":{"loc":{"start":{"line":4,"column":4},"end":{"line":39,"column":null}},"type":"switch","locations":[{"start":{"line":5,"column":8},"end":{"line":17,"column":null}},{"start":{"line":18,"column":8},"end":{"line":19,"column":null}},{"start":{"line":20,"column":8},"end":{"line":37,"column":null}},{"start":{"line":38,"column":8},"end":{"line":39,"column":null}}],"line":4},"1":{"loc":{"start":{"line":9,"column":20},"end":{"line":13,"column":null}},"type":"if","locations":[{"start":{"line":9,"column":20},"end":{"line":13,"column":null}},{"start":{},"end":{}}],"line":9},"2":{"loc":{"start":{"line":24,"column":20},"end":{"line":33,"column":null}},"type":"if","locations":[{"start":{"line":24,"column":20},"end":{"line":33,"column":null}},{"start":{},"end":{}}],"line":24},"3":{"loc":{"start":{"line":28,"column":32},"end":{"line":29,"column":null}},"type":"if","locations":[{"start":{"line":28,"column":32},"end":{"line":29,"column":null}},{"start":{},"end":{}}],"line":28}},"s":{"0":0,"1":0,"2":0,"3":0,"4":0,"5":0,"6":0,"7":0,"8":0,"9":0,"10":0,"11":0,"12":0,"13":0},"f":{"0":0,"1":0,"2":0,"3":0},"b":{"0":[0,0,0,0],"1":[0,0],"2":[0,0],"3":[0,0]},"meta":{"lastBranch":4,"lastFunction":4,"lastStatement":14,"seen":{"f:3:16:3:29":0,"b:5:8:17:Infinity:18:8:19:Infinity:20:8:37:Infinity:38:8:39:Infinity":0,"s:4:4:39:Infinity":0,"s:6:12:17:Infinity":1,"f:8:39:8:43":1,"b:9:20:13:Infinity:undefined:undefined:undefined:undefined":1,"s:9:20:13:Infinity":2,"s:10:24:13:Infinity":3,"s:15:20:15:Infinity":4,"s:19:12:19:Infinity":5,"s:21:12:37:Infinity":6,"f:23:39:23:43":2,"b:24:20:33:Infinity:undefined:undefined:undefined:undefined":2,"s:24:20:33:Infinity":7,"s:25:24:33:Infinity":8,"f:27:48:27:52":3,"b:28:32:29:Infinity:undefined:undefined:undefined:undefined":3,"s:28:32:29:Infinity":9,"s:29:36:29:Infinity":10,"s:31:32:31:Infinity":11,"s:35:20:35:Infinity":12,"s:39:12:39:Infinity":13}}}
,"C:\\Users\\eboyer\\Documents\\Git\\my-project\\flowboard\\src\\types\\board.tsx": {"path":"C:\\Users\\eboyer\\Documents\\Git\\my-project\\flowboard\\src\\types\\board.tsx","statementMap":{},"fnMap":{},"branchMap":{},"s":{},"f":{},"b":{},"meta":{"lastBranch":0,"lastFunction":0,"lastStatement":0,"seen":{}}}
}
