TN:
SF:src\components\board\Board\Board.tsx
FN:6,Board
FN:16,(anonymous_1)
FN:22,(anonymous_2)
FNF:3
FNH:3
FNDA:5,Board
FNDA:1,(anonymous_1)
FNDA:1,(anonymous_2)
DA:7,5
DA:14,5
DA:16,5
DA:17,1
DA:18,1
DA:22,5
DA:23,1
DA:26,5
LF:8
LH:8
BRF:0
BRH:0
end_of_record
TN:
SF:src\components\board\Column\Column.tsx
FN:5,Column
FN:13,(anonymous_1)
FN:14,(anonymous_2)
FN:18,(anonymous_3)
FNF:4
FNH:4
FNDA:20,Column
FNDA:4,(anonymous_1)
FNDA:1,(anonymous_2)
FNDA:1,(anonymous_3)
DA:6,20
DA:14,4
DA:18,1
LF:3
LH:3
BRDA:10,0,0,17
BRDA:10,0,1,3
BRF:2
BRH:2
end_of_record
TN:
SF:src\components\board\NoteCard\NoteCard.tsx
FN:8,Card
FN:11,(anonymous_1)
FNF:2
FNH:2
FNDA:7,Card
FNDA:2,(anonymous_1)
DA:9,7
DA:11,7
DA:12,2
DA:15,7
LF:4
LH:4
BRDA:9,0,0,7
BRDA:9,0,1,1
BRF:2
BRH:2
end_of_record
TN:
SF:src\i18n\en.tsx
FNF:0
FNH:0
LF:0
LH:0
BRF:0
BRH:0
end_of_record
TN:
SF:src\i18n\fr.tsx
FNF:0
FNH:0
LF:0
LH:0
BRF:0
BRH:0
end_of_record
TN:
SF:src\i18n\index.tsx
FN:10,(anonymous_0)
FN:15,setLanguage
FN:20,getCurrentLanguage
FNF:3
FNH:3
FNDA:40,(anonymous_0)
FNDA:2,setLanguage
FNDA:2,getCurrentLanguage
DA:6,4
DA:7,4
DA:9,4
DA:11,40
DA:16,2
DA:17,2
DA:21,2
LF:7
LH:7
BRDA:11,0,0,40
BRDA:11,0,1,1
BRDA:17,1,0,1
BRDA:17,1,1,1
BRF:4
BRH:4
end_of_record
TN:
SF:src\layout\Topbar\Topbar.tsx
FN:3,Topbar
FN:4,(anonymous_1)
FNF:2
FNH:2
FNDA:2,Topbar
FNDA:1,(anonymous_1)
DA:4,2
DA:5,1
DA:6,1
DA:8,1
DA:11,2
LF:5
LH:5
BRDA:5,0,0,1
BRDA:5,0,1,0
BRDA:16,1,0,2
BRDA:16,1,1,0
BRF:4
BRH:2
end_of_record
TN:
SF:src\state\boardReducer.tsx
FN:3,boardReducer
FN:8,(anonymous_1)
FN:23,(anonymous_2)
FN:27,(anonymous_3)
FNF:4
FNH:4
FNDA:6,boardReducer
FNDA:5,(anonymous_1)
FNDA:5,(anonymous_2)
FNDA:2,(anonymous_3)
DA:4,6
DA:6,2
DA:9,5
DA:10,2
DA:15,3
DA:19,1
DA:21,2
DA:24,5
DA:25,2
DA:28,2
DA:29,2
DA:31,0
DA:35,3
DA:39,1
LF:14
LH:13
BRDA:4,0,0,2
BRDA:4,0,1,1
BRDA:4,0,2,2
BRDA:4,0,3,1
BRDA:9,1,0,2
BRDA:9,1,1,3
BRDA:24,2,0,2
BRDA:24,2,1,3
BRDA:28,3,0,2
BRDA:28,3,1,0
BRF:10
BRH:9
end_of_record
TN:
SF:src\types\board.tsx
FNF:0
FNH:0
LF:0
LH:0
BRF:0
BRH:0
end_of_record
