TN:
SF:src\components\board\Board\Board.tsx
FN:6,Board
FN:16,(anonymous_1)
FN:22,(anonymous_2)
FNF:3
FNH:1
FNDA:2,Board
FNDA:0,(anonymous_1)
FNDA:0,(anonymous_2)
DA:7,2
DA:14,2
DA:16,2
DA:17,0
DA:18,0
DA:22,2
DA:23,0
DA:26,2
LF:8
LH:5
BRF:0
BRH:0
end_of_record
TN:
SF:src\components\board\Column\Column.tsx
FN:5,Column
FN:13,(anonymous_1)
FN:14,(anonymous_2)
FN:18,(anonymous_3)
FNF:4
FNH:2
FNDA:11,Column
FNDA:2,(anonymous_1)
FNDA:0,(anonymous_2)
FNDA:0,(anonymous_3)
DA:6,11
DA:14,2
DA:18,0
LF:3
LH:2
BRDA:10,0,0,10
BRDA:10,0,1,1
BRF:2
BRH:2
end_of_record
TN:
SF:src\components\board\NoteCard\NoteCard.tsx
FN:8,Card
FN:11,(anonymous_1)
FNF:2
FNH:2
FNDA:5,Card
FNDA:1,(anonymous_1)
DA:9,5
DA:11,5
DA:12,1
DA:15,5
LF:4
LH:4
BRDA:9,0,0,5
BRDA:9,0,1,1
BRF:2
BRH:2
end_of_record
TN:
SF:src\i18n\en.tsx
FNF:0
FNH:0
LF:0
LH:0
BRF:0
BRH:0
end_of_record
TN:
SF:src\i18n\fr.tsx
FNF:0
FNH:0
LF:0
LH:0
BRF:0
BRH:0
end_of_record
TN:
SF:src\i18n\index.tsx
FN:10,(anonymous_0)
FN:15,setLanguage
FN:20,getCurrentLanguage
FNF:3
FNH:1
FNDA:23,(anonymous_0)
FNDA:0,setLanguage
FNDA:0,getCurrentLanguage
DA:6,3
DA:7,3
DA:9,3
DA:11,23
DA:16,0
DA:17,0
DA:21,0
LF:7
LH:4
BRDA:11,0,0,23
BRDA:11,0,1,0
BRDA:17,1,0,0
BRDA:17,1,1,0
BRF:4
BRH:1
end_of_record
TN:
SF:src\state\boardReducer.tsx
FN:3,boardReducer
FN:8,(anonymous_1)
FN:23,(anonymous_2)
FN:27,(anonymous_3)
FNF:4
FNH:0
FNDA:0,boardReducer
FNDA:0,(anonymous_1)
FNDA:0,(anonymous_2)
FNDA:0,(anonymous_3)
DA:4,0
DA:6,0
DA:9,0
DA:10,0
DA:15,0
DA:19,0
DA:21,0
DA:24,0
DA:25,0
DA:28,0
DA:29,0
DA:31,0
DA:35,0
DA:39,0
LF:14
LH:0
BRDA:4,0,0,0
BRDA:4,0,1,0
BRDA:4,0,2,0
BRDA:4,0,3,0
BRDA:9,1,0,0
BRDA:9,1,1,0
BRDA:24,2,0,0
BRDA:24,2,1,0
BRDA:28,3,0,0
BRDA:28,3,1,0
BRF:10
BRH:0
end_of_record
TN:
SF:src\types\board.tsx
FNF:0
FNH:0
LF:0
LH:0
BRF:0
BRH:0
end_of_record
